0 info it worked if it ends with ok
1 verbose cli [ '/usr/local/bin/node',
1 verbose cli   '/usr/local/bin/npm',
1 verbose cli   'install',
1 verbose cli   'kronos-step',
1 verbose cli   '--save' ]
2 info using npm@2.14.4
3 info using node@v4.1.1
4 verbose install initial load of /Users/torstenlink/Documents/entwicklung/kronos/kronos-adapter-inbound-file/package.json
5 verbose installManyTop reading scoped package data from /Users/torstenlink/Documents/entwicklung/kronos/kronos-adapter-inbound-file/node_modules/chai/package.json
6 verbose installManyTop reading scoped package data from /Users/torstenlink/Documents/entwicklung/kronos/kronos-adapter-inbound-file/node_modules/chokidar/package.json
7 verbose installManyTop reading scoped package data from /Users/torstenlink/Documents/entwicklung/kronos/kronos-adapter-inbound-file/node_modules/iconv-lite/package.json
8 verbose installManyTop reading scoped package data from /Users/torstenlink/Documents/entwicklung/kronos/kronos-adapter-inbound-file/node_modules/istanbul-harmony/package.json
9 verbose installManyTop reading scoped package data from /Users/torstenlink/Documents/entwicklung/kronos/kronos-adapter-inbound-file/node_modules/mocha/package.json
10 verbose installManyTop reading scoped package data from /Users/torstenlink/Documents/entwicklung/kronos/kronos-adapter-inbound-file/node_modules/node-watch/package.json
11 verbose installManyTop reading scoped package data from /Users/torstenlink/Documents/entwicklung/kronos/kronos-adapter-inbound-file/node_modules/rimraf/package.json
12 verbose installManyTop reading scoped package data from /Users/torstenlink/Documents/entwicklung/kronos/kronos-adapter-inbound-file/node_modules/semantic-release/package.json
13 info package.json node-watch@0.3.4 No license field.
14 verbose readDependencies loading dependencies from /Users/torstenlink/Documents/entwicklung/kronos/kronos-adapter-inbound-file/package.json
15 silly cache add args [ 'kronos-step', null ]
16 verbose cache add spec kronos-step
17 silly cache add parsed spec Result {
17 silly cache add   raw: 'kronos-step',
17 silly cache add   scope: null,
17 silly cache add   name: 'kronos-step',
17 silly cache add   rawSpec: '',
17 silly cache add   spec: '*',
17 silly cache add   type: 'range' }
18 silly addNamed kronos-step@*
19 verbose addNamed "*" is a valid semver range for kronos-step
20 silly addNameRange { name: 'kronos-step', range: '*', hasData: false }
21 silly mapToRegistry name kronos-step
22 silly mapToRegistry using default registry
23 silly mapToRegistry registry https://registry.npmjs.org/
24 silly mapToRegistry uri https://registry.npmjs.org/kronos-step
25 verbose addNameRange registry:https://registry.npmjs.org/kronos-step not in flight; fetching
26 verbose request uri https://registry.npmjs.org/kronos-step
27 verbose request no auth needed
28 info attempt registry request try #1 at 6:23:35 PM
29 verbose request using bearer token for auth
30 verbose request id f0e156ff3b442ddb
31 http request GET https://registry.npmjs.org/kronos-step
32 http 404 https://registry.npmjs.org/kronos-step
33 verbose headers { 'content-type': 'application/json',
33 verbose headers   'cache-control': 'max-age=0',
33 verbose headers   'content-length': '2',
33 verbose headers   'accept-ranges': 'bytes',
33 verbose headers   date: 'Fri, 25 Sep 2015 16:23:35 GMT',
33 verbose headers   via: '1.1 varnish',
33 verbose headers   connection: 'keep-alive',
33 verbose headers   'x-served-by': 'cache-fra1224-FRA',
33 verbose headers   'x-cache': 'MISS',
33 verbose headers   'x-cache-hits': '0',
33 verbose headers   'x-timer': 'S1443198215.417426,VS0,VE113' }
34 silly get cb [ 404,
34 silly get   { 'content-type': 'application/json',
34 silly get     'cache-control': 'max-age=0',
34 silly get     'content-length': '2',
34 silly get     'accept-ranges': 'bytes',
34 silly get     date: 'Fri, 25 Sep 2015 16:23:35 GMT',
34 silly get     via: '1.1 varnish',
34 silly get     connection: 'keep-alive',
34 silly get     'x-served-by': 'cache-fra1224-FRA',
34 silly get     'x-cache': 'MISS',
34 silly get     'x-cache-hits': '0',
34 silly get     'x-timer': 'S1443198215.417426,VS0,VE113' } ]
35 verbose stack Error: Registry returned 404 for GET on https://registry.npmjs.org/kronos-step
35 verbose stack     at makeError (/usr/local/lib/node_modules/npm/node_modules/npm-registry-client/lib/request.js:263:12)
35 verbose stack     at CachingRegistryClient.<anonymous> (/usr/local/lib/node_modules/npm/node_modules/npm-registry-client/lib/request.js:241:14)
35 verbose stack     at Request._callback (/usr/local/lib/node_modules/npm/node_modules/npm-registry-client/lib/request.js:171:14)
35 verbose stack     at Request.self.callback (/usr/local/lib/node_modules/npm/node_modules/request/request.js:198:22)
35 verbose stack     at emitTwo (events.js:87:13)
35 verbose stack     at Request.emit (events.js:172:7)
35 verbose stack     at Request.<anonymous> (/usr/local/lib/node_modules/npm/node_modules/request/request.js:1073:14)
35 verbose stack     at emitOne (events.js:82:20)
35 verbose stack     at Request.emit (events.js:169:7)
35 verbose stack     at IncomingMessage.<anonymous> (/usr/local/lib/node_modules/npm/node_modules/request/request.js:1019:12)
36 verbose statusCode 404
37 verbose pkgid kronos-step
38 verbose cwd /Users/torstenlink/Documents/entwicklung/kronos/kronos-adapter-inbound-file
39 error Darwin 14.5.0
40 error argv "/usr/local/bin/node" "/usr/local/bin/npm" "install" "kronos-step" "--save"
41 error node v4.1.1
42 error npm  v2.14.4
43 error code E404
44 error 404 Registry returned 404 for GET on https://registry.npmjs.org/kronos-step
44 error 404
44 error 404 'kronos-step' is not in the npm registry.
44 error 404 You should bug the author to publish it (or use the name yourself!)
44 error 404 It was specified as a dependency of 'kronos-adapter-inbound-file'
44 error 404
44 error 404 Note that you can also install from a
44 error 404 tarball, folder, http url, or git url.
45 verbose exit [ 1, true ]
